<?xml version="1.0" encoding="UTF-8"?>
<testsuite name="Academy Choucair" tests="1" skipped="0" failures="0" errors="0" timestamp="2021-07-17T16:43:20" hostname="LENOVO" time="53.246">
  <properties/>
  <testcase name="Search for a automation course" classname="Academy Choucair" time="53.246"/>
  <system-out><![CDATA[]]></system-out>
  <system-err><![CDATA[[Test worker] WARN net.thucydides.core.steps.BaseStepListener - stepStarted: net.thucydides.core.steps.ExecutedStepDescription@79a8a26b
[Test worker] WARN net.thucydides.core.steps.BaseStepListener - stepStarted: net.thucydides.core.steps.ExecutedStepDescription@19deae6
[Test worker] WARN net.thucydides.core.steps.BaseStepListener - stepStarted: net.thucydides.core.steps.ExecutedStepDescription@30019e64
jul 17, 2021 11:43:21 AM org.openqa.selenium.remote.DesiredCapabilities chrome
INFORMACIÓN: Using `new ChromeOptions()` is preferred to `DesiredCapabilities.chrome()`
[Test worker] INFO net.serenitybdd.core.webdriver.driverproviders.ProvideNewDriver - Instantiating driver
[Test worker] INFO net.serenitybdd.core.webdriver.driverproviders.ProvideNewDriver - Driver capabilities: Capabilities {acceptInsecureCerts: false, browserName: chrome, chrome.switches: --start-maximized, goog:chromeOptions: {args: [--start-maximized], extensions: []}, loggingPrefs: org.openqa.selenium.logging..., platform: ANY, version: }
Starting ChromeDriver 91.0.4472.101 (af52a90bf87030dd1523486a1cd3ae25c5d76c9b-refs/branch-heads/4472@{#1462}) on port 45488
Only local connections are allowed.
Please see https://chromedriver.chromium.org/security-considerations for suggestions on keeping ChromeDriver safe.
ChromeDriver was started successfully.
jul 17, 2021 11:43:37 AM org.openqa.selenium.remote.ProtocolHandshake createSession
INFORMACIÓN: Detected dialect: W3C
[Test worker] WARN net.thucydides.core.steps.BaseStepListener - stepFinished: current outcome:Search for a automation course:Given than Brandon wants to learn automation at he academy Choucair
| strUsr | strPassword |
| 1056710114 | Choucair2021* | [Brandon open up [Brandon opens the Choucair academy page]]
[Test worker] WARN net.thucydides.core.steps.BaseStepListener - stepFinished: current outcome:Search for a automation course:Given than Brandon wants to learn automation at he academy Choucair
| strUsr | strPassword |
| 1056710114 | Choucair2021* | [Brandon open up [Brandon opens the Choucair academy page]]
[Test worker] WARN net.thucydides.core.steps.BaseStepListener - stepStarted: net.thucydides.core.steps.ExecutedStepDescription@1053bb93
[Test worker] WARN net.thucydides.core.steps.BaseStepListener - stepStarted: net.thucydides.core.steps.ExecutedStepDescription@49078830
[Test worker] WARN net.thucydides.core.steps.BaseStepListener - stepFinished: current outcome:Search for a automation course:Given than Brandon wants to learn automation at he academy Choucair
| strUsr | strPassword |
| 1056710114 | Choucair2021* | [Brandon open up [Brandon opens the Choucair academy page], Brandon login [Brandon clicks on Buton show login form]]
[Test worker] WARN net.thucydides.core.steps.BaseStepListener - stepStarted: net.thucydides.core.steps.ExecutedStepDescription@25f736c5
[Test worker] WARN net.thucydides.core.steps.BaseStepListener - stepFinished: current outcome:Search for a automation course:Given than Brandon wants to learn automation at he academy Choucair
| strUsr | strPassword |
| 1056710114 | Choucair2021* | [Brandon open up [Brandon opens the Choucair academy page], Brandon login [Brandon clicks on Buton show login form, Brandon enters '1056710114' into Were do we write the user]]
[Test worker] WARN net.thucydides.core.steps.BaseStepListener - stepStarted: net.thucydides.core.steps.ExecutedStepDescription@35795c59
[Test worker] WARN net.thucydides.core.steps.BaseStepListener - stepFinished: current outcome:Search for a automation course:Given than Brandon wants to learn automation at he academy Choucair
| strUsr | strPassword |
| 1056710114 | Choucair2021* | [Brandon open up [Brandon opens the Choucair academy page], Brandon login [Brandon clicks on Buton show login form, Brandon enters '1056710114' into Were do we write the user, Brandon enters 'Choucair2021*' into Were do we write the user]]
[Test worker] WARN net.thucydides.core.steps.BaseStepListener - stepStarted: net.thucydides.core.steps.ExecutedStepDescription@20b52eb9
[Test worker] WARN net.thucydides.core.steps.BaseStepListener - stepFinished: current outcome:Search for a automation course:Given than Brandon wants to learn automation at he academy Choucair
| strUsr | strPassword |
| 1056710114 | Choucair2021* | [Brandon open up [Brandon opens the Choucair academy page], Brandon login [Brandon clicks on Buton show login form, Brandon enters '1056710114' into Were do we write the user, Brandon enters 'Choucair2021*' into Were do we write the user, Brandon clicks on Buton to acces platform]]
[Test worker] WARN net.thucydides.core.steps.BaseStepListener - stepFinished: current outcome:Search for a automation course:Given than Brandon wants to learn automation at he academy Choucair
| strUsr | strPassword |
| 1056710114 | Choucair2021* | [Brandon open up [Brandon opens the Choucair academy page], Brandon login [Brandon clicks on Buton show login form, Brandon enters '1056710114' into Were do we write the user, Brandon enters 'Choucair2021*' into Were do we write the user, Brandon clicks on Buton to acces platform]]
[Test worker] WARN net.thucydides.core.steps.BaseStepListener - stepFinished: current outcome:Search for a automation course:Given than Brandon wants to learn automation at he academy Choucair
| strUsr | strPassword |
| 1056710114 | Choucair2021* | [Brandon open up [Brandon opens the Choucair academy page], Brandon login [Brandon clicks on Buton show login form, Brandon enters '1056710114' into Were do we write the user, Brandon enters 'Choucair2021*' into Were do we write the user, Brandon clicks on Buton to acces platform]]
[Test worker] WARN net.thucydides.core.steps.BaseStepListener - stepStarted: net.thucydides.core.steps.ExecutedStepDescription@6bf507ff
[Test worker] WARN net.thucydides.core.steps.BaseStepListener - stepStarted: net.thucydides.core.steps.ExecutedStepDescription@43e724fb
[Test worker] WARN net.thucydides.core.steps.BaseStepListener - stepStarted: net.thucydides.core.steps.ExecutedStepDescription@da98978
[Test worker] WARN net.thucydides.core.steps.BaseStepListener - stepFinished: current outcome:Search for a automation course:Given than Brandon wants to learn automation at he academy Choucair
| strUsr | strPassword |
| 1056710114 | Choucair2021* | [Brandon open up [Brandon opens the Choucair academy page], Brandon login [Brandon clicks on Buton show login form, Brandon enters '1056710114' into Were do we write the user, Brandon enters 'Choucair2021*' into Were do we write the user, Brandon clicks on Buton to acces platform]], When he search for the course Recursos Automatización Bancolombia on the Choucair academy platform
| strCourse |
| Metodologia Bancolombia | [Brandon search [Brandon clicks on Active the Tbx for course UC]]
[Test worker] WARN net.thucydides.core.steps.BaseStepListener - stepStarted: net.thucydides.core.steps.ExecutedStepDescription@1428c284
[Test worker] WARN net.thucydides.core.steps.BaseStepListener - stepFinished: current outcome:Search for a automation course:Given than Brandon wants to learn automation at he academy Choucair
| strUsr | strPassword |
| 1056710114 | Choucair2021* | [Brandon open up [Brandon opens the Choucair academy page], Brandon login [Brandon clicks on Buton show login form, Brandon enters '1056710114' into Were do we write the user, Brandon enters 'Choucair2021*' into Were do we write the user, Brandon clicks on Buton to acces platform]], When he search for the course Recursos Automatización Bancolombia on the Choucair academy platform
| strCourse |
| Metodologia Bancolombia | [Brandon search [Brandon clicks on Active the Tbx for course UC, Brandon enters 'Metodologia Bancolombia' into write Search the course in UC]]
[Test worker] WARN net.thucydides.core.steps.BaseStepListener - stepStarted: net.thucydides.core.steps.ExecutedStepDescription@3e5f0317
[Test worker] WARN net.thucydides.core.steps.BaseStepListener - stepFinished: current outcome:Search for a automation course:Given than Brandon wants to learn automation at he academy Choucair
| strUsr | strPassword |
| 1056710114 | Choucair2021* | [Brandon open up [Brandon opens the Choucair academy page], Brandon login [Brandon clicks on Buton show login form, Brandon enters '1056710114' into Were do we write the user, Brandon enters 'Choucair2021*' into Were do we write the user, Brandon clicks on Buton to acces platform]], When he search for the course Recursos Automatización Bancolombia on the Choucair academy platform
| strCourse |
| Metodologia Bancolombia | [Brandon search [Brandon clicks on Active the Tbx for course UC, Brandon enters 'Metodologia Bancolombia' into write Search the course in UC, Brandon clicks on Go to Search the course in UC]]
[Test worker] WARN net.thucydides.core.steps.BaseStepListener - stepStarted: net.thucydides.core.steps.ExecutedStepDescription@61d31b4b
[Test worker] WARN net.thucydides.core.steps.BaseStepListener - stepFinished: current outcome:Search for a automation course:Given than Brandon wants to learn automation at he academy Choucair
| strUsr | strPassword |
| 1056710114 | Choucair2021* | [Brandon open up [Brandon opens the Choucair academy page], Brandon login [Brandon clicks on Buton show login form, Brandon enters '1056710114' into Were do we write the user, Brandon enters 'Choucair2021*' into Were do we write the user, Brandon clicks on Buton to acces platform]], When he search for the course Recursos Automatización Bancolombia on the Choucair academy platform
| strCourse |
| Metodologia Bancolombia | [Brandon search [Brandon clicks on Active the Tbx for course UC, Brandon enters 'Metodologia Bancolombia' into write Search the course in UC, Brandon clicks on Go to Search the course in UC, Brandon clicks on Vuelve al inicio]]
[Test worker] WARN net.thucydides.core.steps.BaseStepListener - stepStarted: net.thucydides.core.steps.ExecutedStepDescription@5033f905
[Test worker] WARN net.thucydides.core.steps.BaseStepListener - stepFinished: current outcome:Search for a automation course:Given than Brandon wants to learn automation at he academy Choucair
| strUsr | strPassword |
| 1056710114 | Choucair2021* | [Brandon open up [Brandon opens the Choucair academy page], Brandon login [Brandon clicks on Buton show login form, Brandon enters '1056710114' into Were do we write the user, Brandon enters 'Choucair2021*' into Were do we write the user, Brandon clicks on Buton to acces platform]], When he search for the course Recursos Automatización Bancolombia on the Choucair academy platform
| strCourse |
| Metodologia Bancolombia | [Brandon search [Brandon clicks on Active the Tbx for course UC, Brandon enters 'Metodologia Bancolombia' into write Search the course in UC, Brandon clicks on Go to Search the course in UC, Brandon clicks on Vuelve al inicio, Brandon clicks on Active the Tbx for course UC]]
[Test worker] WARN net.thucydides.core.steps.BaseStepListener - stepStarted: net.thucydides.core.steps.ExecutedStepDescription@1dcf1ef7
[Test worker] WARN net.thucydides.core.steps.BaseStepListener - stepFinished: current outcome:Search for a automation course:Given than Brandon wants to learn automation at he academy Choucair
| strUsr | strPassword |
| 1056710114 | Choucair2021* | [Brandon open up [Brandon opens the Choucair academy page], Brandon login [Brandon clicks on Buton show login form, Brandon enters '1056710114' into Were do we write the user, Brandon enters 'Choucair2021*' into Were do we write the user, Brandon clicks on Buton to acces platform]], When he search for the course Recursos Automatización Bancolombia on the Choucair academy platform
| strCourse |
| Metodologia Bancolombia | [Brandon search [Brandon clicks on Active the Tbx for course UC, Brandon enters 'Metodologia Bancolombia' into write Search the course in UC, Brandon clicks on Go to Search the course in UC, Brandon clicks on Vuelve al inicio, Brandon clicks on Active the Tbx for course UC, Brandon clicks on Selecciona el curso]]
[Test worker] WARN net.thucydides.core.steps.BaseStepListener - stepFinished: current outcome:Search for a automation course:Given than Brandon wants to learn automation at he academy Choucair
| strUsr | strPassword |
| 1056710114 | Choucair2021* | [Brandon open up [Brandon opens the Choucair academy page], Brandon login [Brandon clicks on Buton show login form, Brandon enters '1056710114' into Were do we write the user, Brandon enters 'Choucair2021*' into Were do we write the user, Brandon clicks on Buton to acces platform]], When he search for the course Recursos Automatización Bancolombia on the Choucair academy platform
| strCourse |
| Metodologia Bancolombia | [Brandon search [Brandon clicks on Active the Tbx for course UC, Brandon enters 'Metodologia Bancolombia' into write Search the course in UC, Brandon clicks on Go to Search the course in UC, Brandon clicks on Vuelve al inicio, Brandon clicks on Active the Tbx for course UC, Brandon clicks on Selecciona el curso]]
[Test worker] WARN net.thucydides.core.steps.BaseStepListener - stepFinished: current outcome:Search for a automation course:Given than Brandon wants to learn automation at he academy Choucair
| strUsr | strPassword |
| 1056710114 | Choucair2021* | [Brandon open up [Brandon opens the Choucair academy page], Brandon login [Brandon clicks on Buton show login form, Brandon enters '1056710114' into Were do we write the user, Brandon enters 'Choucair2021*' into Were do we write the user, Brandon clicks on Buton to acces platform]], When he search for the course Recursos Automatización Bancolombia on the Choucair academy platform
| strCourse |
| Metodologia Bancolombia | [Brandon search [Brandon clicks on Active the Tbx for course UC, Brandon enters 'Metodologia Bancolombia' into write Search the course in UC, Brandon clicks on Go to Search the course in UC, Brandon clicks on Vuelve al inicio, Brandon clicks on Active the Tbx for course UC, Brandon clicks on Selecciona el curso]]
[Test worker] WARN net.thucydides.core.steps.BaseStepListener - stepStarted: net.thucydides.core.steps.ExecutedStepDescription@71176872
[Test worker] WARN net.thucydides.core.steps.BaseStepListener - stepStarted: net.thucydides.core.steps.ExecutedStepDescription@27059685
[Test worker] WARN net.thucydides.core.steps.BaseStepListener - stepFinished: current outcome:Search for a automation course:Given than Brandon wants to learn automation at he academy Choucair
| strUsr | strPassword |
| 1056710114 | Choucair2021* | [Brandon open up [Brandon opens the Choucair academy page], Brandon login [Brandon clicks on Buton show login form, Brandon enters '1056710114' into Were do we write the user, Brandon enters 'Choucair2021*' into Were do we write the user, Brandon clicks on Buton to acces platform]], When he search for the course Recursos Automatización Bancolombia on the Choucair academy platform
| strCourse |
| Metodologia Bancolombia | [Brandon search [Brandon clicks on Active the Tbx for course UC, Brandon enters 'Metodologia Bancolombia' into write Search the course in UC, Brandon clicks on Go to Search the course in UC, Brandon clicks on Vuelve al inicio, Brandon clicks on Active the Tbx for course UC, Brandon clicks on Selecciona el curso]], Then he finds the course called
| strCourse |
| Foundation Express | [Then answer]
[Test worker] WARN net.thucydides.core.steps.BaseStepListener - stepFinished: current outcome:Search for a automation course:Given than Brandon wants to learn automation at he academy Choucair
| strUsr | strPassword |
| 1056710114 | Choucair2021* | [Brandon open up [Brandon opens the Choucair academy page], Brandon login [Brandon clicks on Buton show login form, Brandon enters '1056710114' into Were do we write the user, Brandon enters 'Choucair2021*' into Were do we write the user, Brandon clicks on Buton to acces platform]], When he search for the course Recursos Automatización Bancolombia on the Choucair academy platform
| strCourse |
| Metodologia Bancolombia | [Brandon search [Brandon clicks on Active the Tbx for course UC, Brandon enters 'Metodologia Bancolombia' into write Search the course in UC, Brandon clicks on Go to Search the course in UC, Brandon clicks on Vuelve al inicio, Brandon clicks on Active the Tbx for course UC, Brandon clicks on Selecciona el curso]], Then he finds the course called
| strCourse |
| Foundation Express | [Then answer]
[Test worker] WARN net.thucydides.core.steps.BaseStepListener - testFinished: Search for a automation course:Given than Brandon wants to learn automation at he academy Choucair
| strUsr | strPassword |
| 1056710114 | Choucair2021* | [Brandon open up [Brandon opens the Choucair academy page], Brandon login [Brandon clicks on Buton show login form, Brandon enters '1056710114' into Were do we write the user, Brandon enters 'Choucair2021*' into Were do we write the user, Brandon clicks on Buton to acces platform]], When he search for the course Recursos Automatización Bancolombia on the Choucair academy platform
| strCourse |
| Metodologia Bancolombia | [Brandon search [Brandon clicks on Active the Tbx for course UC, Brandon enters 'Metodologia Bancolombia' into write Search the course in UC, Brandon clicks on Go to Search the course in UC, Brandon clicks on Vuelve al inicio, Brandon clicks on Active the Tbx for course UC, Brandon clicks on Selecciona el curso]], Then he finds the course called
| strCourse |
| Foundation Express | [Then answer]
[Test worker] WARN net.thucydides.core.steps.BaseStepListener - TestOutcomes: [Search for a automation course:Given than Brandon wants to learn automation at he academy Choucair
| strUsr | strPassword |
| 1056710114 | Choucair2021* | [Brandon open up [Brandon opens the Choucair academy page], Brandon login [Brandon clicks on Buton show login form, Brandon enters '1056710114' into Were do we write the user, Brandon enters 'Choucair2021*' into Were do we write the user, Brandon clicks on Buton to acces platform]], When he search for the course Recursos Automatización Bancolombia on the Choucair academy platform
| strCourse |
| Metodologia Bancolombia | [Brandon search [Brandon clicks on Active the Tbx for course UC, Brandon enters 'Metodologia Bancolombia' into write Search the course in UC, Brandon clicks on Go to Search the course in UC, Brandon clicks on Vuelve al inicio, Brandon clicks on Active the Tbx for course UC, Brandon clicks on Selecciona el curso]], Then he finds the course called
| strCourse |
| Foundation Express | [Then answer]]
[Test worker] WARN net.thucydides.core.steps.BaseStepListener - Final testOutcomes: [Search for a automation course:Given than Brandon wants to learn automation at he academy Choucair
| strUsr | strPassword |
| 1056710114 | Choucair2021* | [Brandon open up [Brandon opens the Choucair academy page], Brandon login [Brandon clicks on Buton show login form, Brandon enters '1056710114' into Were do we write the user, Brandon enters 'Choucair2021*' into Were do we write the user, Brandon clicks on Buton to acces platform]], When he search for the course Recursos Automatización Bancolombia on the Choucair academy platform
| strCourse |
| Metodologia Bancolombia | [Brandon search [Brandon clicks on Active the Tbx for course UC, Brandon enters 'Metodologia Bancolombia' into write Search the course in UC, Brandon clicks on Go to Search the course in UC, Brandon clicks on Vuelve al inicio, Brandon clicks on Active the Tbx for course UC, Brandon clicks on Selecciona el curso]], Then he finds the course called
| strCourse |
| Foundation Express | [Then answer]]
[Test worker] INFO net.thucydides.core.steps.ConsoleLoggingListener - 
        __    _____ _____ ____ _____   ____   _    ____  ____  _____ ____  
  _     \ \  |_   _| ____/ ___|_   _| |  _ \ / \  / ___|/ ___|| ____|  _ \ 
 (_)_____| |   | | |  _| \___ \ | |   | |_) / _ \ \___ \\___ \|  _| | | | |
  _|_____| |   | | | |___ ___) || |   |  __/ ___ \ ___) |___) | |___| |_| |
 (_)     | |   |_| |_____|____/ |_|   |_| /_/   \_\____/|____/|_____|____/ 
        /_/                                                                

TEST PASSED: Search for a automation course
----------------------------------------------------------------------------
]]></system-err>
</testsuite>
